{"/app/backend/src/routes/reportRoutes.js": {"path":"/app/backend/src/routes/reportRoutes.js","statementMap":{"0":{"start":{"line":1,"column":16},"end":{"line":1,"column":34}},"1":{"start":{"line":2,"column":15},"end":{"line":2,"column":31}},"2":{"start":{"line":3,"column":45},"end":{"line":3,"column":84}},"3":{"start":{"line":6,"column":23},"end":{"line":21,"column":1}},"4":{"start":{"line":24,"column":0},"end":{"line":27,"column":3}},"5":{"start":{"line":26,"column":2},"end":{"line":26,"column":27}},"6":{"start":{"line":29,"column":0},"end":{"line":29,"column":24}}},"fnMap":{"0":{"name":"(anonymous_0)","decl":{"start":{"line":24,"column":66},"end":{"line":24,"column":67}},"loc":{"start":{"line":24,"column":80},"end":{"line":27,"column":1}},"line":24}},"branchMap":{},"s":{"0":1,"1":1,"2":1,"3":1,"4":1,"5":1,"6":1},"f":{"0":1},"b":{},"_coverageSchema":"1a1c01bbd47fc00a2c39e90264f33305004495a9","hash":"baf0decf47c609459c997fc3dae1216580f48c5d"}
}
